[debug] [2021-05-10T09:46:26.225Z] ----------------------------------------------------------------------
[debug] [2021-05-10T09:46:26.228Z] Command:       C:\Program Files\nodejs\node.exe C:\Users\vyass\AppData\Roaming\npm\node_modules\firebase-tools\lib\bin\firebase.js emulators:start
[debug] [2021-05-10T09:46:26.228Z] CLI Version:   9.8.0
[debug] [2021-05-10T09:46:26.228Z] Platform:      win32
[debug] [2021-05-10T09:46:26.228Z] Node Version:  v14.15.0
[debug] [2021-05-10T09:46:26.233Z] Time:          Mon May 10 2021 15:16:26 GMT+0530 (India Standard Time)
[debug] [2021-05-10T09:46:26.233Z] ----------------------------------------------------------------------
[debug] 
[debug] [2021-05-10T09:46:26.242Z] >>> [apiv2][query] GET https://firebase-public.firebaseio.com/cli.json [none]
[debug] [2021-05-10T09:46:26.555Z] > command requires scopes: ["email","openid","https://www.googleapis.com/auth/cloudplatformprojects.readonly","https://www.googleapis.com/auth/firebase","https://www.googleapis.com/auth/cloud-platform"]
[debug] [2021-05-10T09:46:26.555Z] > authorizing via signed-in user
[info] i  emulators: Starting emulators: functions, hosting {"metadata":{"emulator":{"name":"hub"},"message":"Starting emulators: functions, hosting"}}
[debug] [2021-05-10T09:46:26.574Z] [hub] writing locator at C:\Users\vyass\AppData\Local\Temp\hub-fly-buy-6c344.json
[warn] !  functions: The following emulators are not running, calls to these services from the Functions emulator will affect production: auth, firestore, database, pubsub {"metadata":{"emulator":{"name":"functions"},"message":"The following emulators are not running, calls to these services from the Functions emulator will affect production: \u001b[1mauth, firestore, database, pubsub\u001b[22m"}}
[warn] !  Your requested "node" version "12" doesn't match your global version "14" {"metadata":{"emulator":{"name":"functions"},"message":"Your requested \"node\" version \"12\" doesn't match your global version \"14\""}}
[debug] [2021-05-10T09:46:26.632Z] defaultcredentials: writing to file C:\Users\vyass\AppData\Roaming\firebase\vyasshubham_41_gmail.com_application_default_credentials.json
[debug] [2021-05-10T09:46:26.634Z] Setting GAC to C:\Users\vyass\AppData\Roaming\firebase\vyasshubham_41_gmail.com_application_default_credentials.json {"metadata":{"emulator":{"name":"functions"},"message":"Setting GAC to C:\\Users\\vyass\\AppData\\Roaming\\firebase\\vyasshubham_41_gmail.com_application_default_credentials.json"}}
[debug] [2021-05-10T09:46:26.635Z] > refreshing access token with scopes: []
[debug] [2021-05-10T09:46:26.635Z] >>> HTTP REQUEST POST https://www.googleapis.com/oauth2/v3/token  
 <request body omitted>
[debug] [2021-05-10T09:46:26.862Z] <<< HTTP RESPONSE 200 {"pragma":"no-cache","cache-control":"no-cache, no-store, max-age=0, must-revalidate","date":"Mon, 10 May 2021 09:46:27 GMT","expires":"Mon, 01 Jan 1990 00:00:00 GMT","content-type":"application/json; charset=utf-8","vary":"X-Origin, Referer, Origin,Accept-Encoding","server":"scaffolding on HTTPServer2","x-xss-protection":"0","x-frame-options":"SAMEORIGIN","x-content-type-options":"nosniff","alt-svc":"h3-29=\":443\"; ma=2592000,h3-T051=\":443\"; ma=2592000,h3-Q050=\":443\"; ma=2592000,h3-Q046=\":443\"; ma=2592000,h3-Q043=\":443\"; ma=2592000,quic=\":443\"; ma=2592000; v=\"46,43\"","accept-ranges":"none","transfer-encoding":"chunked"}
[debug] [2021-05-10T09:46:26.866Z] >>> [apiv2][query] GET https://firebase.googleapis.com/v1beta1/projects/fly-buy-6c344/adminSdkConfig [none]
[debug] [2021-05-10T09:46:27.395Z] <<< [apiv2][status] GET https://firebase-public.firebaseio.com/cli.json 200
[debug] [2021-05-10T09:46:27.396Z] <<< [apiv2][body] GET https://firebase-public.firebaseio.com/cli.json {"cloudBuildErrorAfter":1594252800000,"cloudBuildWarnAfter":1590019200000,"defaultNode10After":1594252800000,"minVersion":"3.0.5","node8DeploysDisabledAfter":1613390400000,"node8RuntimeDisabledAfter":1615809600000,"node8WarnAfter":1600128000000}
[debug] [2021-05-10T09:46:27.567Z] <<< [apiv2][status] GET https://firebase.googleapis.com/v1beta1/projects/fly-buy-6c344/adminSdkConfig 200
[debug] [2021-05-10T09:46:27.567Z] <<< [apiv2][body] GET https://firebase.googleapis.com/v1beta1/projects/fly-buy-6c344/adminSdkConfig {"projectId":"fly-buy-6c344","storageBucket":"fly-buy-6c344.appspot.com","locationId":"us-central"}
[debug] [2021-05-10T09:46:27.575Z] >>> [apiv2][query] GET https://firebase.googleapis.com/v1beta1/projects/fly-buy-6c344/webApps/-/config [none]
[debug] [2021-05-10T09:46:28.860Z] <<< [apiv2][status] GET https://firebase.googleapis.com/v1beta1/projects/fly-buy-6c344/webApps/-/config 200
[debug] [2021-05-10T09:46:28.861Z] <<< [apiv2][body] GET https://firebase.googleapis.com/v1beta1/projects/fly-buy-6c344/webApps/-/config {"projectId":"fly-buy-6c344","appId":"1:20680034895:web:a959929390302c76e8b83a","storageBucket":"fly-buy-6c344.appspot.com","locationId":"us-central","apiKey":"AIzaSyDfUSfZItbX5XQyGzrTcATgsUU3MutCmc4","authDomain":"fly-buy-6c344.firebaseapp.com","messagingSenderId":"20680034895","measurementId":"G-YZ8RVTG40P"}
[info] i  hosting: Serving hosting files from: build {"metadata":{"emulator":{"name":"hosting"},"message":"Serving hosting files from: \u001b[1mbuild\u001b[22m"}}
[info] +  hosting: Local server: http://localhost:5000 {"metadata":{"emulator":{"name":"hosting"},"message":"Local server: \u001b[4m\u001b[1mhttp://localhost:5000\u001b[22m\u001b[24m"}}
[debug] [2021-05-10T09:46:28.935Z] Ignoring unsupported arg: auto_download {"metadata":{"emulator":{"name":"ui"},"message":"Ignoring unsupported arg: auto_download"}}
[debug] [2021-05-10T09:46:28.936Z] Ignoring unsupported arg: port {"metadata":{"emulator":{"name":"ui"},"message":"Ignoring unsupported arg: port"}}
[debug] [2021-05-10T09:46:28.936Z] Starting Emulator UI with command {"binary":"node","args":["C:\\Users\\vyass\\.cache\\firebase\\emulators\\ui-v1.4.2\\server.bundle.js"],"optionalArgs":[],"joinArgs":false} {"metadata":{"emulator":{"name":"ui"},"message":"Starting Emulator UI with command {\"binary\":\"node\",\"args\":[\"C:\\\\Users\\\\vyass\\\\.cache\\\\firebase\\\\emulators\\\\ui-v1.4.2\\\\server.bundle.js\"],\"optionalArgs\":[],\"joinArgs\":false}"}}
[info] i  ui: Emulator UI logging to ui-debug.log {"metadata":{"emulator":{"name":"ui"},"message":"Emulator UI logging to \u001b[1mui-debug.log\u001b[22m"}}
[debug] [2021-05-10T09:46:29.083Z] Web / API server started at http://localhost:4000
 {"metadata":{"emulator":{"name":"ui"},"message":"Web / API server started at http://localhost:4000\n"}}
[info] i  functions: Watching "D:\Study\AmazonClone\amazon-clone\functions" for Cloud Functions... {"metadata":{"emulator":{"name":"functions"},"message":"Watching \"D:\\Study\\AmazonClone\\amazon-clone\\functions\" for Cloud Functions..."}}
[debug] [2021-05-10T09:46:29.212Z] [worker-pool] addWorker(~diagnostic~) {"metadata":{"emulator":{"name":"functions"},"message":"[worker-pool] addWorker(~diagnostic~)"}}
[debug] [2021-05-10T09:46:29.212Z] [worker-pool] Adding worker with key ~diagnostic~, total=1 {"metadata":{"emulator":{"name":"functions"},"message":"[worker-pool] Adding worker with key ~diagnostic~, total=1"}}
[debug] [2021-05-10T09:46:29.212Z] [worker-pool] submitWork(triggerId=) {"metadata":{"emulator":{"name":"functions"},"message":"[worker-pool] submitWork(triggerId=)"}}
[debug] [2021-05-10T09:46:29.212Z] [worker-~diagnostic~-b90611de-935c-487f-91c4-1229c7380809]: Assigning socketPath: \\?\pipe\D:\Study\AmazonClone\amazon-clone\functions\14136 {"metadata":{"emulator":{"name":"functions"},"message":"[worker-~diagnostic~-b90611de-935c-487f-91c4-1229c7380809]: Assigning socketPath: \\\\?\\pipe\\D:\\Study\\AmazonClone\\amazon-clone\\functions\\14136"}}
[debug] [2021-05-10T09:46:29.212Z] [worker-~diagnostic~-b90611de-935c-487f-91c4-1229c7380809]: BUSY {"metadata":{"emulator":{"name":"functions"},"message":"[worker-~diagnostic~-b90611de-935c-487f-91c4-1229c7380809]: BUSY"}}
[debug] [2021-05-10T09:46:29.468Z] [runtime-status] [14136] Functions runtime initialized. {"cwd":"D:\\Study\\AmazonClone\\amazon-clone\\functions","node_version":"14.15.0"} {"metadata":{"emulator":{"name":"functions"},"message":"[runtime-status] [14136] Functions runtime initialized. {\"cwd\":\"D:\\\\Study\\\\AmazonClone\\\\amazon-clone\\\\functions\",\"node_version\":\"14.15.0\"}"}}
[debug] [2021-05-10T09:46:29.469Z] [runtime-status] [14136] Disabled runtime features: undefined {"metadata":{"emulator":{"name":"functions"},"message":"[runtime-status] [14136] Disabled runtime features: undefined"}}
[debug] [2021-05-10T09:46:29.512Z] [runtime-status] [14136] Resolved module firebase-admin {"declared":true,"installed":true,"version":"9.6.0","resolution":"D:\\Study\\AmazonClone\\amazon-clone\\functions\\node_modules\\firebase-admin\\lib\\index.js"} {"metadata":{"emulator":{"name":"functions"},"message":"[runtime-status] [14136] Resolved module firebase-admin {\"declared\":true,\"installed\":true,\"version\":\"9.6.0\",\"resolution\":\"D:\\\\Study\\\\AmazonClone\\\\amazon-clone\\\\functions\\\\node_modules\\\\firebase-admin\\\\lib\\\\index.js\"}"}}
[debug] [2021-05-10T09:46:29.531Z] [runtime-status] [14136] Resolved module firebase-functions {"declared":true,"installed":true,"version":"3.13.2","resolution":"D:\\Study\\AmazonClone\\amazon-clone\\functions\\node_modules\\firebase-functions\\lib\\index.js"} {"metadata":{"emulator":{"name":"functions"},"message":"[runtime-status] [14136] Resolved module firebase-functions {\"declared\":true,\"installed\":true,\"version\":\"3.13.2\",\"resolution\":\"D:\\\\Study\\\\AmazonClone\\\\amazon-clone\\\\functions\\\\node_modules\\\\firebase-functions\\\\lib\\\\index.js\"}"}}
[debug] [2021-05-10T09:46:29.532Z] [runtime-status] [14136] Resolved module firebase-functions {"declared":true,"installed":true,"version":"3.13.2","resolution":"D:\\Study\\AmazonClone\\amazon-clone\\functions\\node_modules\\firebase-functions\\lib\\index.js"} {"metadata":{"emulator":{"name":"functions"},"message":"[runtime-status] [14136] Resolved module firebase-functions {\"declared\":true,\"installed\":true,\"version\":\"3.13.2\",\"resolution\":\"D:\\\\Study\\\\AmazonClone\\\\amazon-clone\\\\functions\\\\node_modules\\\\firebase-functions\\\\lib\\\\index.js\"}"}}
[debug] [2021-05-10T09:46:29.534Z] [runtime-status] [14136] Outgoing network have been stubbed. [{"name":"http","status":"mocked"},{"name":"http","status":"mocked"},{"name":"https","status":"mocked"},{"name":"https","status":"mocked"},{"name":"net","status":"mocked"}] {"metadata":{"emulator":{"name":"functions"},"message":"[runtime-status] [14136] Outgoing network have been stubbed. [{\"name\":\"http\",\"status\":\"mocked\"},{\"name\":\"http\",\"status\":\"mocked\"},{\"name\":\"https\",\"status\":\"mocked\"},{\"name\":\"https\",\"status\":\"mocked\"},{\"name\":\"net\",\"status\":\"mocked\"}]"}}
[debug] [2021-05-10T09:46:29.534Z] [runtime-status] [14136] Resolved module firebase-functions {"declared":true,"installed":true,"version":"3.13.2","resolution":"D:\\Study\\AmazonClone\\amazon-clone\\functions\\node_modules\\firebase-functions\\lib\\index.js"} {"metadata":{"emulator":{"name":"functions"},"message":"[runtime-status] [14136] Resolved module firebase-functions {\"declared\":true,\"installed\":true,\"version\":\"3.13.2\",\"resolution\":\"D:\\\\Study\\\\AmazonClone\\\\amazon-clone\\\\functions\\\\node_modules\\\\firebase-functions\\\\lib\\\\index.js\"}"}}
[debug] [2021-05-10T09:46:30.273Z] [runtime-status] [14136] Checked functions.config() {"config":{}} {"metadata":{"emulator":{"name":"functions"},"message":"[runtime-status] [14136] Checked functions.config() {\"config\":{}}"}}
[debug] [2021-05-10T09:46:30.273Z] [runtime-status] [14136] firebase-functions has been stubbed. {"functionsResolution":{"declared":true,"installed":true,"version":"3.13.2","resolution":"D:\\Study\\AmazonClone\\amazon-clone\\functions\\node_modules\\firebase-functions\\lib\\index.js"}} {"metadata":{"emulator":{"name":"functions"},"message":"[runtime-status] [14136] firebase-functions has been stubbed. {\"functionsResolution\":{\"declared\":true,\"installed\":true,\"version\":\"3.13.2\",\"resolution\":\"D:\\\\Study\\\\AmazonClone\\\\amazon-clone\\\\functions\\\\node_modules\\\\firebase-functions\\\\lib\\\\index.js\"}}"}}
[debug] [2021-05-10T09:46:30.273Z] [runtime-status] [14136] Resolved module firebase-functions {"declared":true,"installed":true,"version":"3.13.2","resolution":"D:\\Study\\AmazonClone\\amazon-clone\\functions\\node_modules\\firebase-functions\\lib\\index.js"} {"metadata":{"emulator":{"name":"functions"},"message":"[runtime-status] [14136] Resolved module firebase-functions {\"declared\":true,\"installed\":true,\"version\":\"3.13.2\",\"resolution\":\"D:\\\\Study\\\\AmazonClone\\\\amazon-clone\\\\functions\\\\node_modules\\\\firebase-functions\\\\lib\\\\index.js\"}"}}
[debug] [2021-05-10T09:46:30.274Z] [runtime-status] [14136] Resolved module firebase-admin {"declared":true,"installed":true,"version":"9.6.0","resolution":"D:\\Study\\AmazonClone\\amazon-clone\\functions\\node_modules\\firebase-admin\\lib\\index.js"} {"metadata":{"emulator":{"name":"functions"},"message":"[runtime-status] [14136] Resolved module firebase-admin {\"declared\":true,\"installed\":true,\"version\":\"9.6.0\",\"resolution\":\"D:\\\\Study\\\\AmazonClone\\\\amazon-clone\\\\functions\\\\node_modules\\\\firebase-admin\\\\lib\\\\index.js\"}"}}
[debug] [2021-05-10T09:46:30.275Z] [runtime-status] [14136] Resolved module firebase-functions {"declared":true,"installed":true,"version":"3.13.2","resolution":"D:\\Study\\AmazonClone\\amazon-clone\\functions\\node_modules\\firebase-functions\\lib\\index.js"} {"metadata":{"emulator":{"name":"functions"},"message":"[runtime-status] [14136] Resolved module firebase-functions {\"declared\":true,\"installed\":true,\"version\":\"3.13.2\",\"resolution\":\"D:\\\\Study\\\\AmazonClone\\\\amazon-clone\\\\functions\\\\node_modules\\\\firebase-functions\\\\lib\\\\index.js\"}"}}
[debug] [2021-05-10T09:46:30.275Z] [runtime-status] [14136] firebase-admin has been stubbed. {"adminResolution":{"declared":true,"installed":true,"version":"9.6.0","resolution":"D:\\Study\\AmazonClone\\amazon-clone\\functions\\node_modules\\firebase-admin\\lib\\index.js"}} {"metadata":{"emulator":{"name":"functions"},"message":"[runtime-status] [14136] firebase-admin has been stubbed. {\"adminResolution\":{\"declared\":true,\"installed\":true,\"version\":\"9.6.0\",\"resolution\":\"D:\\\\Study\\\\AmazonClone\\\\amazon-clone\\\\functions\\\\node_modules\\\\firebase-admin\\\\lib\\\\index.js\"}}"}}
[info] +  functions[api]: http function initialized (http://localhost:5001/fly-buy-6c344/us-central1/api). {"metadata":{"emulator":{"name":"functions"},"message":"\u001b[1mhttp\u001b[22m function initialized (http://localhost:5001/fly-buy-6c344/us-central1/api)."}}
[info] 
┌─────────────────────────────────────────────────────────────┐
│ ✔  All emulators ready! It is now safe to connect your app. │
│ i  View Emulator UI at http://localhost:4000                │
└─────────────────────────────────────────────────────────────┘

┌───────────┬────────────────┬─────────────────────────────────┐
│ Emulator  │ Host:Port      │ View in Emulator UI             │
├───────────┼────────────────┼─────────────────────────────────┤
│ Functions │ localhost:5001 │ http://localhost:4000/functions │
├───────────┼────────────────┼─────────────────────────────────┤
│ Hosting   │ localhost:5000 │ n/a                             │
└───────────┴────────────────┴─────────────────────────────────┘
  Emulator Hub running at localhost:4400
  Other reserved ports: 4500

Issues? Report them at https://github.com/firebase/firebase-tools/issues and attach the *-debug.log files.
 
[debug] [2021-05-10T09:46:32.651Z] [worker-~diagnostic~-b90611de-935c-487f-91c4-1229c7380809]: IDLE {"metadata":{"emulator":{"name":"functions"},"message":"[worker-~diagnostic~-b90611de-935c-487f-91c4-1229c7380809]: IDLE"}}
[debug] [2021-05-10T09:52:33.294Z] [work-queue] {"queueLength":1,"workRunningCount":0}
[debug] [2021-05-10T09:52:33.295Z] [work-queue] {"queueLength":0,"workRunningCount":1}
[debug] [2021-05-10T09:52:33.295Z] Accepted request POST /fly-buy-6c344/us-central1/api/payments/create?total=2590000 --> api
[debug] [2021-05-10T09:52:33.314Z] [worker-pool] addWorker(api) {"metadata":{"emulator":{"name":"functions"},"message":"[worker-pool] addWorker(api)"}}
[debug] [2021-05-10T09:52:33.314Z] [worker-pool] Adding worker with key api, total=1 {"metadata":{"emulator":{"name":"functions"},"message":"[worker-pool] Adding worker with key api, total=1"}}
[debug] [2021-05-10T09:52:33.314Z] [worker-pool] submitWork(triggerId=api) {"metadata":{"emulator":{"name":"functions"},"message":"[worker-pool] submitWork(triggerId=api)"}}
[debug] [2021-05-10T09:52:33.314Z] [worker-api-160ecb1f-aa86-40f8-b014-ff62c50368a4]: Assigning socketPath: \\?\pipe\D:\Study\AmazonClone\amazon-clone\functions\2008 {"metadata":{"emulator":{"name":"functions"},"message":"[worker-api-160ecb1f-aa86-40f8-b014-ff62c50368a4]: Assigning socketPath: \\\\?\\pipe\\D:\\Study\\AmazonClone\\amazon-clone\\functions\\2008"}}
[debug] [2021-05-10T09:52:33.314Z] [worker-api-160ecb1f-aa86-40f8-b014-ff62c50368a4]: BUSY {"metadata":{"emulator":{"name":"functions"},"message":"[worker-api-160ecb1f-aa86-40f8-b014-ff62c50368a4]: BUSY"}}
[debug] [2021-05-10T09:52:33.634Z] [runtime-status] [2008] Functions runtime initialized. {"cwd":"D:\\Study\\AmazonClone\\amazon-clone\\functions","node_version":"14.15.0"} {"metadata":{"emulator":{"name":"functions"},"function":{"name":"api"},"message":"[runtime-status] [2008] Functions runtime initialized. {\"cwd\":\"D:\\\\Study\\\\AmazonClone\\\\amazon-clone\\\\functions\",\"node_version\":\"14.15.0\"}"}}
[debug] [2021-05-10T09:52:33.635Z] [runtime-status] [2008] Disabled runtime features: undefined {"metadata":{"emulator":{"name":"functions"},"function":{"name":"api"},"message":"[runtime-status] [2008] Disabled runtime features: undefined"}}
[debug] [2021-05-10T09:52:33.639Z] [runtime-status] [2008] Resolved module firebase-admin {"declared":true,"installed":true,"version":"9.6.0","resolution":"D:\\Study\\AmazonClone\\amazon-clone\\functions\\node_modules\\firebase-admin\\lib\\index.js"} {"metadata":{"emulator":{"name":"functions"},"function":{"name":"api"},"message":"[runtime-status] [2008] Resolved module firebase-admin {\"declared\":true,\"installed\":true,\"version\":\"9.6.0\",\"resolution\":\"D:\\\\Study\\\\AmazonClone\\\\amazon-clone\\\\functions\\\\node_modules\\\\firebase-admin\\\\lib\\\\index.js\"}"}}
[debug] [2021-05-10T09:52:33.642Z] [runtime-status] [2008] Resolved module firebase-functions {"declared":true,"installed":true,"version":"3.13.2","resolution":"D:\\Study\\AmazonClone\\amazon-clone\\functions\\node_modules\\firebase-functions\\lib\\index.js"} {"metadata":{"emulator":{"name":"functions"},"function":{"name":"api"},"message":"[runtime-status] [2008] Resolved module firebase-functions {\"declared\":true,\"installed\":true,\"version\":\"3.13.2\",\"resolution\":\"D:\\\\Study\\\\AmazonClone\\\\amazon-clone\\\\functions\\\\node_modules\\\\firebase-functions\\\\lib\\\\index.js\"}"}}
[debug] [2021-05-10T09:52:33.644Z] [runtime-status] [2008] Resolved module firebase-functions {"declared":true,"installed":true,"version":"3.13.2","resolution":"D:\\Study\\AmazonClone\\amazon-clone\\functions\\node_modules\\firebase-functions\\lib\\index.js"} {"metadata":{"emulator":{"name":"functions"},"function":{"name":"api"},"message":"[runtime-status] [2008] Resolved module firebase-functions {\"declared\":true,\"installed\":true,\"version\":\"3.13.2\",\"resolution\":\"D:\\\\Study\\\\AmazonClone\\\\amazon-clone\\\\functions\\\\node_modules\\\\firebase-functions\\\\lib\\\\index.js\"}"}}
[debug] [2021-05-10T09:52:33.646Z] [runtime-status] [2008] Outgoing network have been stubbed. [{"name":"http","status":"mocked"},{"name":"http","status":"mocked"},{"name":"https","status":"mocked"},{"name":"https","status":"mocked"},{"name":"net","status":"mocked"}] {"metadata":{"emulator":{"name":"functions"},"function":{"name":"api"},"message":"[runtime-status] [2008] Outgoing network have been stubbed. [{\"name\":\"http\",\"status\":\"mocked\"},{\"name\":\"http\",\"status\":\"mocked\"},{\"name\":\"https\",\"status\":\"mocked\"},{\"name\":\"https\",\"status\":\"mocked\"},{\"name\":\"net\",\"status\":\"mocked\"}]"}}
[debug] [2021-05-10T09:52:33.647Z] [runtime-status] [2008] Resolved module firebase-functions {"declared":true,"installed":true,"version":"3.13.2","resolution":"D:\\Study\\AmazonClone\\amazon-clone\\functions\\node_modules\\firebase-functions\\lib\\index.js"} {"metadata":{"emulator":{"name":"functions"},"function":{"name":"api"},"message":"[runtime-status] [2008] Resolved module firebase-functions {\"declared\":true,\"installed\":true,\"version\":\"3.13.2\",\"resolution\":\"D:\\\\Study\\\\AmazonClone\\\\amazon-clone\\\\functions\\\\node_modules\\\\firebase-functions\\\\lib\\\\index.js\"}"}}
[debug] [2021-05-10T09:52:33.717Z] [runtime-status] [2008] Checked functions.config() {"config":{}} {"metadata":{"emulator":{"name":"functions"},"function":{"name":"api"},"message":"[runtime-status] [2008] Checked functions.config() {\"config\":{}}"}}
[debug] [2021-05-10T09:52:33.718Z] [runtime-status] [2008] firebase-functions has been stubbed. {"functionsResolution":{"declared":true,"installed":true,"version":"3.13.2","resolution":"D:\\Study\\AmazonClone\\amazon-clone\\functions\\node_modules\\firebase-functions\\lib\\index.js"}} {"metadata":{"emulator":{"name":"functions"},"function":{"name":"api"},"message":"[runtime-status] [2008] firebase-functions has been stubbed. {\"functionsResolution\":{\"declared\":true,\"installed\":true,\"version\":\"3.13.2\",\"resolution\":\"D:\\\\Study\\\\AmazonClone\\\\amazon-clone\\\\functions\\\\node_modules\\\\firebase-functions\\\\lib\\\\index.js\"}}"}}
[debug] [2021-05-10T09:52:33.718Z] [runtime-status] [2008] Resolved module firebase-functions {"declared":true,"installed":true,"version":"3.13.2","resolution":"D:\\Study\\AmazonClone\\amazon-clone\\functions\\node_modules\\firebase-functions\\lib\\index.js"} {"metadata":{"emulator":{"name":"functions"},"function":{"name":"api"},"message":"[runtime-status] [2008] Resolved module firebase-functions {\"declared\":true,\"installed\":true,\"version\":\"3.13.2\",\"resolution\":\"D:\\\\Study\\\\AmazonClone\\\\amazon-clone\\\\functions\\\\node_modules\\\\firebase-functions\\\\lib\\\\index.js\"}"}}
[debug] [2021-05-10T09:52:33.719Z] [runtime-status] [2008] Resolved module firebase-admin {"declared":true,"installed":true,"version":"9.6.0","resolution":"D:\\Study\\AmazonClone\\amazon-clone\\functions\\node_modules\\firebase-admin\\lib\\index.js"} {"metadata":{"emulator":{"name":"functions"},"function":{"name":"api"},"message":"[runtime-status] [2008] Resolved module firebase-admin {\"declared\":true,\"installed\":true,\"version\":\"9.6.0\",\"resolution\":\"D:\\\\Study\\\\AmazonClone\\\\amazon-clone\\\\functions\\\\node_modules\\\\firebase-admin\\\\lib\\\\index.js\"}"}}
[debug] [2021-05-10T09:52:33.720Z] [runtime-status] [2008] Resolved module firebase-functions {"declared":true,"installed":true,"version":"3.13.2","resolution":"D:\\Study\\AmazonClone\\amazon-clone\\functions\\node_modules\\firebase-functions\\lib\\index.js"} {"metadata":{"emulator":{"name":"functions"},"function":{"name":"api"},"message":"[runtime-status] [2008] Resolved module firebase-functions {\"declared\":true,\"installed\":true,\"version\":\"3.13.2\",\"resolution\":\"D:\\\\Study\\\\AmazonClone\\\\amazon-clone\\\\functions\\\\node_modules\\\\firebase-functions\\\\lib\\\\index.js\"}"}}
[debug] [2021-05-10T09:52:33.720Z] [runtime-status] [2008] firebase-admin has been stubbed. {"adminResolution":{"declared":true,"installed":true,"version":"9.6.0","resolution":"D:\\Study\\AmazonClone\\amazon-clone\\functions\\node_modules\\firebase-admin\\lib\\index.js"}} {"metadata":{"emulator":{"name":"functions"},"function":{"name":"api"},"message":"[runtime-status] [2008] firebase-admin has been stubbed. {\"adminResolution\":{\"declared\":true,\"installed\":true,\"version\":\"9.6.0\",\"resolution\":\"D:\\\\Study\\\\AmazonClone\\\\amazon-clone\\\\functions\\\\node_modules\\\\firebase-admin\\\\lib\\\\index.js\"}}"}}
[debug] [2021-05-10T09:52:33.955Z] [runtime-status] [2008] Trigger "api" has been found, beginning invocation! {"metadata":{"emulator":{"name":"functions"},"function":{"name":"api"},"message":"[runtime-status] [2008] Trigger \"api\" has been found, beginning invocation!"}}
[info] i  functions: Beginning execution of "api" {"metadata":{"emulator":{"name":"functions"},"function":{"name":"api"},"message":"Beginning execution of \"api\""}}
[debug] [2021-05-10T09:52:33.956Z] [runtime-status] [2008] triggerDefinition {"httpsTrigger":{},"name":"api","entryPoint":"api"} {"metadata":{"emulator":{"name":"functions"},"function":{"name":"api"},"message":"[runtime-status] [2008] triggerDefinition {\"httpsTrigger\":{},\"name\":\"api\",\"entryPoint\":\"api\"}"}}
[debug] [2021-05-10T09:52:33.957Z] [runtime-status] [2008] Running api in mode HTTPS {"metadata":{"emulator":{"name":"functions"},"function":{"name":"api"},"message":"[runtime-status] [2008] Running api in mode HTTPS"}}
[debug] [2021-05-10T09:52:33.961Z] [runtime-status] [2008] Attempting to listen to socketPath: \\?\pipe\D:\Study\AmazonClone\amazon-clone\functions\2008 {"metadata":{"emulator":{"name":"functions"},"function":{"name":"api"},"message":"[runtime-status] [2008] Attempting to listen to socketPath: \\\\?\\pipe\\D:\\Study\\AmazonClone\\amazon-clone\\functions\\2008"}}
[debug] [2021-05-10T09:52:33.965Z] [functions] Runtime ready! Sending request! {"metadata":{"emulator":{"name":"functions"},"message":"[functions] Runtime ready! Sending request!"}}
[debug] [2021-05-10T09:52:33.967Z] [functions] Got req.url=/fly-buy-6c344/us-central1/api/payments/create?total=2590000, mapping to path=/payments/create?total=2590000 {"metadata":{"emulator":{"name":"functions"},"message":"[functions] Got req.url=/fly-buy-6c344/us-central1/api/payments/create?total=2590000, mapping to path=/payments/create?total=2590000"}}
[debug] [2021-05-10T09:52:33.977Z] [runtime-status] [2008] Ephemeral server handling POST request {"metadata":{"emulator":{"name":"functions"},"function":{"name":"api"},"message":"[runtime-status] [2008] Ephemeral server handling POST request"}}
[info] >  Payment request Recieved! for this amount >>> 2590000 {"user":"Payment request Recieved! for this amount >>> 2590000","metadata":{"emulator":{"name":"functions"},"function":{"name":"api"},"message":"\u001b[90m> \u001b[39m Payment request Recieved! for this amount >>> 2590000"}}
[debug] [2021-05-10T09:52:34.011Z] [runtime-status] [2008] Ephemeral server survived. {"metadata":{"emulator":{"name":"functions"},"function":{"name":"api"},"message":"[runtime-status] [2008] Ephemeral server survived."}}
[info] i  functions: Finished "api" in ~1s {"metadata":{"emulator":{"name":"functions"},"function":{"name":"api"},"message":"Finished \"api\" in ~1s"}}
[debug] [2021-05-10T09:52:35.133Z] [worker-api-160ecb1f-aa86-40f8-b014-ff62c50368a4]: IDLE {"metadata":{"emulator":{"name":"functions"},"message":"[worker-api-160ecb1f-aa86-40f8-b014-ff62c50368a4]: IDLE"}}
[debug] [2021-05-10T09:52:35.133Z] [work-queue] {"queueLength":0,"workRunningCount":0}
[debug] [2021-05-10T09:53:10.854Z] [work-queue] {"queueLength":1,"workRunningCount":0}
[debug] [2021-05-10T09:53:10.854Z] [work-queue] {"queueLength":0,"workRunningCount":1}
[debug] [2021-05-10T09:53:10.854Z] Accepted request POST /fly-buy-6c344/us-central1/api/payments/create?total=0 --> api
[debug] [2021-05-10T09:53:10.854Z] [worker-pool] submitWork(triggerId=api) {"metadata":{"emulator":{"name":"functions"},"message":"[worker-pool] submitWork(triggerId=api)"}}
[debug] [2021-05-10T09:53:10.854Z] [worker-api-160ecb1f-aa86-40f8-b014-ff62c50368a4]: Assigning socketPath: \\?\pipe\D:\Study\AmazonClone\amazon-clone\functions\2008 {"metadata":{"emulator":{"name":"functions"},"message":"[worker-api-160ecb1f-aa86-40f8-b014-ff62c50368a4]: Assigning socketPath: \\\\?\\pipe\\D:\\Study\\AmazonClone\\amazon-clone\\functions\\2008"}}
[debug] [2021-05-10T09:53:10.855Z] [worker-api-160ecb1f-aa86-40f8-b014-ff62c50368a4]: BUSY {"metadata":{"emulator":{"name":"functions"},"message":"[worker-api-160ecb1f-aa86-40f8-b014-ff62c50368a4]: BUSY"}}
[debug] [2021-05-10T09:53:10.855Z] [runtime-status] [2008] Trigger "api" has been found, beginning invocation! {"metadata":{"emulator":{"name":"functions"},"function":{"name":"api"},"message":"[runtime-status] [2008] Trigger \"api\" has been found, beginning invocation!"}}
[info] i  functions: Beginning execution of "api" {"metadata":{"emulator":{"name":"functions"},"function":{"name":"api"},"message":"Beginning execution of \"api\""}}
[debug] [2021-05-10T09:53:10.856Z] [runtime-status] [2008] triggerDefinition {"httpsTrigger":{},"name":"api","entryPoint":"api"} {"metadata":{"emulator":{"name":"functions"},"function":{"name":"api"},"message":"[runtime-status] [2008] triggerDefinition {\"httpsTrigger\":{},\"name\":\"api\",\"entryPoint\":\"api\"}"}}
[debug] [2021-05-10T09:53:10.857Z] [runtime-status] [2008] Running api in mode HTTPS {"metadata":{"emulator":{"name":"functions"},"function":{"name":"api"},"message":"[runtime-status] [2008] Running api in mode HTTPS"}}
[debug] [2021-05-10T09:53:10.857Z] [runtime-status] [2008] Attempting to listen to socketPath: \\?\pipe\D:\Study\AmazonClone\amazon-clone\functions\2008 {"metadata":{"emulator":{"name":"functions"},"function":{"name":"api"},"message":"[runtime-status] [2008] Attempting to listen to socketPath: \\\\?\\pipe\\D:\\Study\\AmazonClone\\amazon-clone\\functions\\2008"}}
[debug] [2021-05-10T09:53:10.858Z] [functions] Runtime ready! Sending request! {"metadata":{"emulator":{"name":"functions"},"message":"[functions] Runtime ready! Sending request!"}}
[debug] [2021-05-10T09:53:10.859Z] [functions] Got req.url=/fly-buy-6c344/us-central1/api/payments/create?total=0, mapping to path=/payments/create?total=0 {"metadata":{"emulator":{"name":"functions"},"message":"[functions] Got req.url=/fly-buy-6c344/us-central1/api/payments/create?total=0, mapping to path=/payments/create?total=0"}}
[debug] [2021-05-10T09:53:10.861Z] [runtime-status] [2008] Ephemeral server handling POST request {"metadata":{"emulator":{"name":"functions"},"function":{"name":"api"},"message":"[runtime-status] [2008] Ephemeral server handling POST request"}}
[info] >  Payment request Recieved! for this amount >>> 0 {"user":"Payment request Recieved! for this amount >>> 0","metadata":{"emulator":{"name":"functions"},"function":{"name":"api"},"message":"\u001b[90m> \u001b[39m Payment request Recieved! for this amount >>> 0"}}
[debug] [2021-05-10T09:53:10.863Z] [runtime-status] [2008] Ephemeral server survived. {"metadata":{"emulator":{"name":"functions"},"function":{"name":"api"},"message":"[runtime-status] [2008] Ephemeral server survived."}}
[info] >  (node:2008) UnhandledPromiseRejectionWarning: Error: This value must be greater than or equal to 1. {"user":"(node:2008) UnhandledPromiseRejectionWarning: Error: This value must be greater than or equal to 1.","metadata":{"emulator":{"name":"functions"},"function":{"name":"api"},"message":"\u001b[90m> \u001b[39m (node:2008) UnhandledPromiseRejectionWarning: Error: This value must be greater than or equal to 1."}}
[info] >      at Function.generate (D:\Study\AmazonClone\amazon-clone\functions\node_modules\stripe\lib\Error.js:40:16) {"user":"    at Function.generate (D:\\Study\\AmazonClone\\amazon-clone\\functions\\node_modules\\stripe\\lib\\Error.js:40:16)","metadata":{"emulator":{"name":"functions"},"function":{"name":"api"},"message":"\u001b[90m> \u001b[39m     at Function.generate (D:\\Study\\AmazonClone\\amazon-clone\\functions\\node_modules\\stripe\\lib\\Error.js:40:16)"}}
[info] >      at IncomingMessage.<anonymous> (D:\Study\AmazonClone\amazon-clone\functions\node_modules\stripe\lib\StripeResource.js:180:33) {"user":"    at IncomingMessage.<anonymous> (D:\\Study\\AmazonClone\\amazon-clone\\functions\\node_modules\\stripe\\lib\\StripeResource.js:180:33)","metadata":{"emulator":{"name":"functions"},"function":{"name":"api"},"message":"\u001b[90m> \u001b[39m     at IncomingMessage.<anonymous> (D:\\Study\\AmazonClone\\amazon-clone\\functions\\node_modules\\stripe\\lib\\StripeResource.js:180:33)"}}
[info] >      at Object.onceWrapper (events.js:421:28) {"user":"    at Object.onceWrapper (events.js:421:28)","metadata":{"emulator":{"name":"functions"},"function":{"name":"api"},"message":"\u001b[90m> \u001b[39m     at Object.onceWrapper (events.js:421:28)"}}
[info] >      at IncomingMessage.emit (events.js:327:22) {"user":"    at IncomingMessage.emit (events.js:327:22)","metadata":{"emulator":{"name":"functions"},"function":{"name":"api"},"message":"\u001b[90m> \u001b[39m     at IncomingMessage.emit (events.js:327:22)"}}
[info] >      at endReadableNT (_stream_readable.js:1327:12) {"user":"    at endReadableNT (_stream_readable.js:1327:12)","metadata":{"emulator":{"name":"functions"},"function":{"name":"api"},"message":"\u001b[90m> \u001b[39m     at endReadableNT (_stream_readable.js:1327:12)"}}
[info] >      at processTicksAndRejections (internal/process/task_queues.js:80:21) {"user":"    at processTicksAndRejections (internal/process/task_queues.js:80:21)","metadata":{"emulator":{"name":"functions"},"function":{"name":"api"},"message":"\u001b[90m> \u001b[39m     at processTicksAndRejections (internal/process/task_queues.js:80:21)"}}
[info] >  (Use `node --trace-warnings ...` to show where the warning was created) {"user":"(Use `node --trace-warnings ...` to show where the warning was created)","metadata":{"emulator":{"name":"functions"},"function":{"name":"api"},"message":"\u001b[90m> \u001b[39m (Use `node --trace-warnings ...` to show where the warning was created)"}}
[info] >  (node:2008) UnhandledPromiseRejectionWarning: Unhandled promise rejection. This error originated either by throwing inside of an async function without a catch block, or by rejecting a promise which was not handled with .catch(). To terminate the node process on unhandled promise rejection, use the CLI flag `--unhandled-rejections=strict` (see https://nodejs.org/api/cli.html#cli_unhandled_rejections_mode). (rejection id: 1) {"user":"(node:2008) UnhandledPromiseRejectionWarning: Unhandled promise rejection. This error originated either by throwing inside of an async function without a catch block, or by rejecting a promise which was not handled with .catch(). To terminate the node process on unhandled promise rejection, use the CLI flag `--unhandled-rejections=strict` (see https://nodejs.org/api/cli.html#cli_unhandled_rejections_mode). (rejection id: 1)","metadata":{"emulator":{"name":"functions"},"function":{"name":"api"},"message":"\u001b[90m> \u001b[39m (node:2008) UnhandledPromiseRejectionWarning: Unhandled promise rejection. This error originated either by throwing inside of an async function without a catch block, or by rejecting a promise which was not handled with .catch(). To terminate the node process on unhandled promise rejection, use the CLI flag `--unhandled-rejections=strict` (see https://nodejs.org/api/cli.html#cli_unhandled_rejections_mode). (rejection id: 1)"}}
[info] >  (node:2008) [DEP0018] DeprecationWarning: Unhandled promise rejections are deprecated. In the future, promise rejections that are not handled will terminate the Node.js process with a non-zero exit code. {"user":"(node:2008) [DEP0018] DeprecationWarning: Unhandled promise rejections are deprecated. In the future, promise rejections that are not handled will terminate the Node.js process with a non-zero exit code.","metadata":{"emulator":{"name":"functions"},"function":{"name":"api"},"message":"\u001b[90m> \u001b[39m (node:2008) [DEP0018] DeprecationWarning: Unhandled promise rejections are deprecated. In the future, promise rejections that are not handled will terminate the Node.js process with a non-zero exit code."}}
[warn] !  functions: Your function timed out after ~60s. To configure this timeout, see
      https://firebase.google.com/docs/functions/manage-functions#set_timeout_and_memory_allocation. {"metadata":{"emulator":{"name":"functions"},"function":{"name":"api"},"message":"Your function timed out after ~60s. To configure this timeout, see\n      https://firebase.google.com/docs/functions/manage-functions#set_timeout_and_memory_allocation."}}
[info] >  C:\Users\vyass\AppData\Roaming\npm\node_modules\firebase-tools\lib\emulator\functionsEmulatorRuntime.js:644 {"user":"C:\\Users\\vyass\\AppData\\Roaming\\npm\\node_modules\\firebase-tools\\lib\\emulator\\functionsEmulatorRuntime.js:644\r","metadata":{"emulator":{"name":"functions"},"function":{"name":"api"},"message":"\u001b[90m> \u001b[39m C:\\Users\\vyass\\AppData\\Roaming\\npm\\node_modules\\firebase-tools\\lib\\emulator\\functionsEmulatorRuntime.js:644\r"}}
[info] >              throw new Error("Function timed out."); {"user":"            throw new Error(\"Function timed out.\");\r","metadata":{"emulator":{"name":"functions"},"function":{"name":"api"},"message":"\u001b[90m> \u001b[39m             throw new Error(\"Function timed out.\");\r"}}
[info] >              ^ {"user":"            ^\r","metadata":{"emulator":{"name":"functions"},"function":{"name":"api"},"message":"\u001b[90m> \u001b[39m             ^\r"}}
[info] >   {"user":"\r","metadata":{"emulator":{"name":"functions"},"function":{"name":"api"},"message":"\u001b[90m> \u001b[39m \r"}}
[info] >  Error: Function timed out. {"user":"Error: Function timed out.\r","metadata":{"emulator":{"name":"functions"},"function":{"name":"api"},"message":"\u001b[90m> \u001b[39m Error: Function timed out.\r"}}
[info] >      at Timeout._onTimeout (C:\Users\vyass\AppData\Roaming\npm\node_modules\firebase-tools\lib\emulator\functionsEmulatorRuntime.js:644:19) {"user":"    at Timeout._onTimeout (C:\\Users\\vyass\\AppData\\Roaming\\npm\\node_modules\\firebase-tools\\lib\\emulator\\functionsEmulatorRuntime.js:644:19)\r","metadata":{"emulator":{"name":"functions"},"function":{"name":"api"},"message":"\u001b[90m> \u001b[39m     at Timeout._onTimeout (C:\\Users\\vyass\\AppData\\Roaming\\npm\\node_modules\\firebase-tools\\lib\\emulator\\functionsEmulatorRuntime.js:644:19)\r"}}
[info] >      at listOnTimeout (internal/timers.js:554:17) {"user":"    at listOnTimeout (internal/timers.js:554:17)\r","metadata":{"emulator":{"name":"functions"},"function":{"name":"api"},"message":"\u001b[90m> \u001b[39m     at listOnTimeout (internal/timers.js:554:17)\r"}}
[info] >      at processTimers (internal/timers.js:497:7) {"user":"    at processTimers (internal/timers.js:497:7)\r","metadata":{"emulator":{"name":"functions"},"function":{"name":"api"},"message":"\u001b[90m> \u001b[39m     at processTimers (internal/timers.js:497:7)\r"}}
[debug] [2021-05-10T09:54:10.878Z] [worker-api-160ecb1f-aa86-40f8-b014-ff62c50368a4]: exited {"metadata":{"emulator":{"name":"functions"},"message":"[worker-api-160ecb1f-aa86-40f8-b014-ff62c50368a4]: exited"}}
[debug] [2021-05-10T09:54:10.879Z] [worker-api-160ecb1f-aa86-40f8-b014-ff62c50368a4]: FINISHED {"metadata":{"emulator":{"name":"functions"},"message":"[worker-api-160ecb1f-aa86-40f8-b014-ff62c50368a4]: FINISHED"}}
[debug] [2021-05-10T09:54:10.879Z] [work-queue] {"queueLength":0,"workRunningCount":0}
